CRITICAL | 2024-07-18 02:33:27 | app.py | 62 | 
Role: DT Assistant
Init prompt: You are a data transformation assistant. Your task is to generate a script that converts messy tabular data into a relational table.

Here is an example of messy tabular data:
[["Rank", "Name", "Age"],
 ["1", "Bob", "16"],
 ["", "Score", "92"],
 ["2", "Sam", "15"], 
 ["", "Score", "89"]]

The desired relational table should look like this:
[["Rank", "Name", "Age", "Score"],
 ["1", "Bob", "16", "92"],
 ["2", "Sam", "15", "89"]]

In the following conversation, I will provide you with messy tabular data, and you will return the code to convert it into a standardized relational table. If I am not satisfied with your code, I will provide further prompts for modifications. You should only return the transformation script.

INFO | 2024-07-18 02:34:20 | app.py | 95 | user: messy_data = [["Summary Statement of Account Limits for Accounts under Domestic Fund Pool of a Bank", "", "", "", "", "", "", "", "", "", "", ""], ["", "", "", "", "", "", "", "", "", "", "", ""], ["Region Code:", "1111", "", "Branch Code:", "1001", "", "2020/1/1", "", "Currency:", "CNY", "", "Page 1"], ["Account No.:", "12345", "", "Account Name:", "Main Bank A", "", "", "", "", "", "Agreement No.:", "123123123"], ["", "", "", "", "", "", "", "", "", "", "", ""], ["Index", "Sub Account Name", "", "Yesterday Available Credit", "Yesterday Reserved Credit", "Yesterday Frozen Credit", "", "Total Debit Transactions", "Total Debit Amount", "", "", "Today Net Deposit Amount "], ["", "Sub Account No.", "", "Today Available Credit", "Today Reserved Credit", "Today Frozen Credit", "", "Total Credit Transactions", "Total Credit Amount", "", "", ""], ["1", "Sub Bank A1", "", "11256568.73", "4614836.37", "1587748.25", "", "1", "11058.38", "", "", "-11400.11"], ["", "12345010", "", "11245168.62", "2083401.72", "1587748.25", "", "5", "16709.52", "", "", ""], ["2", "Sub Bank A2", "", "4156308.41", "1388858.84", "0.00", "", "7", "24550.18", "", "", "17017.61"], ["", "12345020", "", "4173326.02", "1733145.67", "0.00", "", "6", "83387.82", "", "", ""], ["3", "Sub Bank A3", "", "66786044.88", "22381748.78", "9105304.25", "", "9", "67781.17", "", "", "-19552.31"], ["", "12345030", "", "66766492.57", "12051751.66", "9105304.25", "", "2", "10130.22", "", "", ""], ["4", "Sub Bank A4", "", "53753568.53", "24154683.97", "0.00", "", "6", "9207.08", "", "", "5284.60"], ["", "12345040", "", "53758853.13", "12512925.66", "0.00", "", "9", "27100.26", "", "", ""], ["5", "Sub Bank A5", "", "68054078.36", "21768029.70", "3937029.54", "", "4", "15792.7", "", "", "19246.19"], ["", "12345050", "", "68073324.55", "9459141.76", "3937029.54", "", "7", "45228.12", "", "", ""], ["6", "Sub Bank A6", "", "12589233.46", "3071902.44", "1447270.10", "", "2", "34432.36", "", "", "15627.18"], ["", "12345060", "", "12604860.64", "882029.83", "1447270.10", "", "2", "39454.18", "", "", ""], ["7", "Sub Bank A7", "", "15699238.47", "3689156.95", "1572270.22", "", "2", "8848.5", "", "", "-6939.28"], ["", "12345070", "", "15692299.19", "3457640.37", "1572270.22", "", "4", "55521.79", "", "", ""], ["8", "Sub Bank A8", "", "97827738.78", "40848842.95", "19829919.22", "", "7", "51401.15", "", "", "-17842.02"], ["", "12345080", "", "97809896.76", "421674.67", "19829919.22", "", "2", "98199.66", "", "", ""], ["9", "Sub Bank A9", "", "92749039.79", "9057918.32", "1782096.47", "", "4", "15995.18", "", "", "15388.64"], ["", "12345090", "", "92764428.43", "1009390.27", "1782096.47", "", "1", "5830.36", "", "", ""], ["10", "Sub Bank A10", "", "3165008.51", "286684.96", "0.00", "", "3", "72287.61", "", "", "9015.26"], ["", "12345100", "", "3174023.77", "1320813.17", "0.00", "", "10", "78882.47", "", "", ""], ["11", "Sub Bank A11", "", "94721227.01", "29847920.32", "495266.31", "", "1", "13719.45", "", "", "-17915.14"], ["", "12345110", "", "94703311.87", "31011921.74", "495266.31", "", "6", "94272.49", "", "", ""], ["12", "Sub Bank A12", "", "97581908.19", "15111439.55", "2402008.31", "", "0", "0", "", "", "29145.58"], ["", "12345120", "", "97611053.77", "45627269.52", "2402008.31", "", "10", "46775.75", "", "", ""], ["13", "Sub Bank A13", "", "12097174.28", "5609928.54", "0.00", "", "5", "59365.26", "", "", "20022.57"], ["", "12345130", "", "12117196.85", "5461315.46", "0.00", "", "6", "92736.58", "", "", ""], ["14", "Sub Bank A14", "", "89024714.22", "24758438.14", "0.00", "", "5", "7436.89", "", "", "-18833.12"], ["", "12345140", "", "89005881.10", "33920372.96", "0.00", "", "0", "0", "", "", ""], ["15", "Sub Bank A15", "", "35241886.59", "10377709.67", "0.00", "", "1", "19949.3", "", "", "21893.60"], ["", "12345150", "", "35263780.19", "16744888.27", "0.00", "", "7", "54955.41", "", "", ""], ["16", "Sub Bank A16", "", "69266884.12", "18936027.08", "7837789.15", "", "2", "98991.61", "", "", "11498.08"], ["", "12345160", "", "69278382.20", "23605272.31", "7837789.15", "", "7", "38387.66", "", "", ""], ["17", "Sub Bank A17", "", "63252931.99", "3260536.65", "1055186.11", "", "6", "99018.42", "", "", "11349.67"], ["", "12345170", "", "63264281.66", "1922734.69", "1055186.11", "", "5", "93034.37", "", "", ""], ["18", "Sub Bank A18", "", "41686735.78", "1090116.39", "367085.19", "", "1", "9912.01", "", "", "-14795.57"], ["", "12345180", "", "41671940.21", "5829080.80", "367085.19", "", "10", "45861.97", "", "", ""], ["19", "Sub Bank A19", "", "23741324.70", "2892677.42", "0.00", "", "8", "95684.36", "", "", "28125.03"], ["", "12345190", "", "23769449.73", "7334552.06", "0.00", "", "1", "26060.15", "", "", ""], ["20", "Sub Bank A20", "", "50233431.33", "8698213.14", "0.00", "", "5", "74997.7", "", "", "-12924.44"], ["", "12345200", "", "50220506.89", "20226283.20", "0.00", "", "1", "82798.5", "", "", ""], ["21", "Sub Bank A21", "", "28998385.46", "5775628.37", "0.00", "", "4", "97855.79", "", "", "-892.15"], ["", "12345210", "", "28997493.31", "10593570.71", "0.00", "", "6", "28035.3", "", "", ""], ["22", "Sub Bank A22", "", "74552167.23", "33123924.04", "11877888.44", "", "5", "67233.8", "", "", "-9626.99"], ["", "12345220", "", "74542540.24", "35613649.00", "11877888.44", "", "7", "98453.99", "", "", ""], ["23", "Sub Bank A23", "", "42651485.90", "8020241.50", "0.00", "", "1", "78082.84", "", "", "-18982.03"], ["", "12345230", "", "42632503.87", "8118887.14", "0.00", "", "5", "12838.64", "", "", ""], ["24", "Sub Bank A24", "", "29535659.30", "5807832.34", "0.00", "", "5", "13844.41", "", "", "-1555.50"], ["", "12345240", "", "29534103.80", "789704.47", "0.00", "", "8", "41572.65", "", "", ""], ["25", "Sub Bank A25", "", "54928082.40", "10031474.66", "4014370.35", "", "0", "0", "", "", "23605.14"], ["", "12345250", "", "54951687.54", "19040555.27", "4014370.35", "", "9", "26805.76", "", "", ""]]
Please write code to transform the messy_data into a relational table.
ERROR | 2024-07-18 02:35:12 | app.py | 124 | 'ChatCompletionMessage' object is not subscriptable
CRITICAL | 2024-07-18 02:42:13 | app.py | 62 | 
Role: DT Assistant
Init prompt: You are a data transformation assistant. Your task is to generate a script that converts messy tabular data into a relational table.

Here is an example of messy tabular data:
[["Rank", "Name", "Age"],
 ["1", "Bob", "16"],
 ["", "Score", "92"],
 ["2", "Sam", "15"], 
 ["", "Score", "89"]]

The desired relational table should look like this:
[["Rank", "Name", "Age", "Score"],
 ["1", "Bob", "16", "92"],
 ["2", "Sam", "15", "89"]]

In the following conversation, I will provide you with messy tabular data, and you will return the code to convert it into a standardized relational table. If I am not satisfied with your code, I will provide further prompts for modifications. You should only return the transformation script.

INFO | 2024-07-18 02:42:29 | app.py | 95 | user: messy_data = [["Summary Statement of Account Limits for Accounts under Domestic Fund Pool of a Bank", "", "", "", "", "", "", "", "", "", "", ""], ["", "", "", "", "", "", "", "", "", "", "", ""], ["Region Code:", "1111", "", "Branch Code:", "1001", "", "2020/1/1", "", "Currency:", "CNY", "", "Page 1"], ["Account No.:", "12345", "", "Account Name:", "Main Bank A", "", "", "", "", "", "Agreement No.:", "123123123"], ["", "", "", "", "", "", "", "", "", "", "", ""], ["Index", "Sub Account Name", "", "Yesterday Available Credit", "Yesterday Reserved Credit", "Yesterday Frozen Credit", "", "Total Debit Transactions", "Total Debit Amount", "", "", "Today Net Deposit Amount "], ["", "Sub Account No.", "", "Today Available Credit", "Today Reserved Credit", "Today Frozen Credit", "", "Total Credit Transactions", "Total Credit Amount", "", "", ""], ["1", "Sub Bank A1", "", "11256568.73", "4614836.37", "1587748.25", "", "1", "11058.38", "", "", "-11400.11"], ["", "12345010", "", "11245168.62", "2083401.72", "1587748.25", "", "5", "16709.52", "", "", ""], ["2", "Sub Bank A2", "", "4156308.41", "1388858.84", "0.00", "", "7", "24550.18", "", "", "17017.61"], ["", "12345020", "", "4173326.02", "1733145.67", "0.00", "", "6", "83387.82", "", "", ""], ["3", "Sub Bank A3", "", "66786044.88", "22381748.78", "9105304.25", "", "9", "67781.17", "", "", "-19552.31"], ["", "12345030", "", "66766492.57", "12051751.66", "9105304.25", "", "2", "10130.22", "", "", ""], ["4", "Sub Bank A4", "", "53753568.53", "24154683.97", "0.00", "", "6", "9207.08", "", "", "5284.60"], ["", "12345040", "", "53758853.13", "12512925.66", "0.00", "", "9", "27100.26", "", "", ""], ["5", "Sub Bank A5", "", "68054078.36", "21768029.70", "3937029.54", "", "4", "15792.7", "", "", "19246.19"], ["", "12345050", "", "68073324.55", "9459141.76", "3937029.54", "", "7", "45228.12", "", "", ""], ["6", "Sub Bank A6", "", "12589233.46", "3071902.44", "1447270.10", "", "2", "34432.36", "", "", "15627.18"], ["", "12345060", "", "12604860.64", "882029.83", "1447270.10", "", "2", "39454.18", "", "", ""], ["7", "Sub Bank A7", "", "15699238.47", "3689156.95", "1572270.22", "", "2", "8848.5", "", "", "-6939.28"], ["", "12345070", "", "15692299.19", "3457640.37", "1572270.22", "", "4", "55521.79", "", "", ""], ["8", "Sub Bank A8", "", "97827738.78", "40848842.95", "19829919.22", "", "7", "51401.15", "", "", "-17842.02"], ["", "12345080", "", "97809896.76", "421674.67", "19829919.22", "", "2", "98199.66", "", "", ""], ["9", "Sub Bank A9", "", "92749039.79", "9057918.32", "1782096.47", "", "4", "15995.18", "", "", "15388.64"], ["", "12345090", "", "92764428.43", "1009390.27", "1782096.47", "", "1", "5830.36", "", "", ""], ["10", "Sub Bank A10", "", "3165008.51", "286684.96", "0.00", "", "3", "72287.61", "", "", "9015.26"], ["", "12345100", "", "3174023.77", "1320813.17", "0.00", "", "10", "78882.47", "", "", ""], ["11", "Sub Bank A11", "", "94721227.01", "29847920.32", "495266.31", "", "1", "13719.45", "", "", "-17915.14"], ["", "12345110", "", "94703311.87", "31011921.74", "495266.31", "", "6", "94272.49", "", "", ""], ["12", "Sub Bank A12", "", "97581908.19", "15111439.55", "2402008.31", "", "0", "0", "", "", "29145.58"], ["", "12345120", "", "97611053.77", "45627269.52", "2402008.31", "", "10", "46775.75", "", "", ""], ["13", "Sub Bank A13", "", "12097174.28", "5609928.54", "0.00", "", "5", "59365.26", "", "", "20022.57"], ["", "12345130", "", "12117196.85", "5461315.46", "0.00", "", "6", "92736.58", "", "", ""], ["14", "Sub Bank A14", "", "89024714.22", "24758438.14", "0.00", "", "5", "7436.89", "", "", "-18833.12"], ["", "12345140", "", "89005881.10", "33920372.96", "0.00", "", "0", "0", "", "", ""], ["15", "Sub Bank A15", "", "35241886.59", "10377709.67", "0.00", "", "1", "19949.3", "", "", "21893.60"], ["", "12345150", "", "35263780.19", "16744888.27", "0.00", "", "7", "54955.41", "", "", ""], ["16", "Sub Bank A16", "", "69266884.12", "18936027.08", "7837789.15", "", "2", "98991.61", "", "", "11498.08"], ["", "12345160", "", "69278382.20", "23605272.31", "7837789.15", "", "7", "38387.66", "", "", ""], ["17", "Sub Bank A17", "", "63252931.99", "3260536.65", "1055186.11", "", "6", "99018.42", "", "", "11349.67"], ["", "12345170", "", "63264281.66", "1922734.69", "1055186.11", "", "5", "93034.37", "", "", ""], ["18", "Sub Bank A18", "", "41686735.78", "1090116.39", "367085.19", "", "1", "9912.01", "", "", "-14795.57"], ["", "12345180", "", "41671940.21", "5829080.80", "367085.19", "", "10", "45861.97", "", "", ""], ["19", "Sub Bank A19", "", "23741324.70", "2892677.42", "0.00", "", "8", "95684.36", "", "", "28125.03"], ["", "12345190", "", "23769449.73", "7334552.06", "0.00", "", "1", "26060.15", "", "", ""], ["20", "Sub Bank A20", "", "50233431.33", "8698213.14", "0.00", "", "5", "74997.7", "", "", "-12924.44"], ["", "12345200", "", "50220506.89", "20226283.20", "0.00", "", "1", "82798.5", "", "", ""], ["21", "Sub Bank A21", "", "28998385.46", "5775628.37", "0.00", "", "4", "97855.79", "", "", "-892.15"], ["", "12345210", "", "28997493.31", "10593570.71", "0.00", "", "6", "28035.3", "", "", ""], ["22", "Sub Bank A22", "", "74552167.23", "33123924.04", "11877888.44", "", "5", "67233.8", "", "", "-9626.99"], ["", "12345220", "", "74542540.24", "35613649.00", "11877888.44", "", "7", "98453.99", "", "", ""], ["23", "Sub Bank A23", "", "42651485.90", "8020241.50", "0.00", "", "1", "78082.84", "", "", "-18982.03"], ["", "12345230", "", "42632503.87", "8118887.14", "0.00", "", "5", "12838.64", "", "", ""], ["24", "Sub Bank A24", "", "29535659.30", "5807832.34", "0.00", "", "5", "13844.41", "", "", "-1555.50"], ["", "12345240", "", "29534103.80", "789704.47", "0.00", "", "8", "41572.65", "", "", ""], ["25", "Sub Bank A25", "", "54928082.40", "10031474.66", "4014370.35", "", "0", "0", "", "", "23605.14"], ["", "12345250", "", "54951687.54", "19040555.27", "4014370.35", "", "9", "26805.76", "", "", ""]]
Please write code to transform the messy_data into a relational table.
CRITICAL | 2024-07-18 03:01:38 | app.py | 79 | 
Role: DT Assistant
Init prompt: You are a data transformation assistant. Your task is to write code that transforms messy tabular data into a relational table.

Here is an example of messy tabular data:
[["Rank", "Name", "Age"],
 ["1", "Bob", "16"],
 ["", "Score", "92"],
 ["2", "Sam", "15"], 
 ["", "Score", "89"]]

The desired relational table should look like this:
[["Rank", "Name", "Age", "Score"],
 ["1", "Bob", "16", "92"],
 ["2", "Sam", "15", "89"]]

 This is a script template:
 ```Python
import pandas as pd

# Load the messy DataFrame
df_messy = pd.read_csv("messy_data.csv", dtype=str, keep_default_na=False, header=None)
messy_data = df_messy.values

def transform_messy_data(messy_data):
    
    # Write code to transform the messy data into relational table

    return transformed_df

transformed_df = transform_messy_data(messy_data)
```

In the upcoming conversation, I will give you the messy_data, and you need to complete the functionality of the `transform_messy_data` function. Note that your response should only be the code for the `transform_messy_data` function.

INFO | 2024-07-18 03:03:17 | app.py | 112 | user: messy_data = [["Summary Statement of Account Limits for Accounts under Domestic Fund Pool of a Bank", "", "", "", "", "", "", "", "", "", "", ""], ["", "", "", "", "", "", "", "", "", "", "", ""], ["Region Code:", "1111", "", "Branch Code:", "1001", "", "2020/1/1", "", "Currency:", "CNY", "", "Page 1"], ["Account No.:", "12345", "", "Account Name:", "Main Bank A", "", "", "", "", "", "Agreement No.:", "123123123"], ["", "", "", "", "", "", "", "", "", "", "", ""], ["Index", "Sub Account Name", "", "Yesterday Available Credit", "Yesterday Reserved Credit", "Yesterday Frozen Credit", "", "Total Debit Transactions", "Total Debit Amount", "", "", "Today Net Deposit Amount "], ["", "Sub Account No.", "", "Today Available Credit", "Today Reserved Credit", "Today Frozen Credit", "", "Total Credit Transactions", "Total Credit Amount", "", "", ""], ["1", "Sub Bank A1", "", "11256568.73", "4614836.37", "1587748.25", "", "1", "11058.38", "", "", "-11400.11"], ["", "12345010", "", "11245168.62", "2083401.72", "1587748.25", "", "5", "16709.52", "", "", ""], ["2", "Sub Bank A2", "", "4156308.41", "1388858.84", "0.00", "", "7", "24550.18", "", "", "17017.61"], ["", "12345020", "", "4173326.02", "1733145.67", "0.00", "", "6", "83387.82", "", "", ""], ["3", "Sub Bank A3", "", "66786044.88", "22381748.78", "9105304.25", "", "9", "67781.17", "", "", "-19552.31"], ["", "12345030", "", "66766492.57", "12051751.66", "9105304.25", "", "2", "10130.22", "", "", ""], ["4", "Sub Bank A4", "", "53753568.53", "24154683.97", "0.00", "", "6", "9207.08", "", "", "5284.60"], ["", "12345040", "", "53758853.13", "12512925.66", "0.00", "", "9", "27100.26", "", "", ""], ["5", "Sub Bank A5", "", "68054078.36", "21768029.70", "3937029.54", "", "4", "15792.7", "", "", "19246.19"], ["", "12345050", "", "68073324.55", "9459141.76", "3937029.54", "", "7", "45228.12", "", "", ""], ["6", "Sub Bank A6", "", "12589233.46", "3071902.44", "1447270.10", "", "2", "34432.36", "", "", "15627.18"], ["", "12345060", "", "12604860.64", "882029.83", "1447270.10", "", "2", "39454.18", "", "", ""], ["7", "Sub Bank A7", "", "15699238.47", "3689156.95", "1572270.22", "", "2", "8848.5", "", "", "-6939.28"], ["", "12345070", "", "15692299.19", "3457640.37", "1572270.22", "", "4", "55521.79", "", "", ""], ["8", "Sub Bank A8", "", "97827738.78", "40848842.95", "19829919.22", "", "7", "51401.15", "", "", "-17842.02"], ["", "12345080", "", "97809896.76", "421674.67", "19829919.22", "", "2", "98199.66", "", "", ""], ["9", "Sub Bank A9", "", "92749039.79", "9057918.32", "1782096.47", "", "4", "15995.18", "", "", "15388.64"], ["", "12345090", "", "92764428.43", "1009390.27", "1782096.47", "", "1", "5830.36", "", "", ""], ["10", "Sub Bank A10", "", "3165008.51", "286684.96", "0.00", "", "3", "72287.61", "", "", "9015.26"], ["", "12345100", "", "3174023.77", "1320813.17", "0.00", "", "10", "78882.47", "", "", ""], ["11", "Sub Bank A11", "", "94721227.01", "29847920.32", "495266.31", "", "1", "13719.45", "", "", "-17915.14"], ["", "12345110", "", "94703311.87", "31011921.74", "495266.31", "", "6", "94272.49", "", "", ""], ["12", "Sub Bank A12", "", "97581908.19", "15111439.55", "2402008.31", "", "0", "0", "", "", "29145.58"], ["", "12345120", "", "97611053.77", "45627269.52", "2402008.31", "", "10", "46775.75", "", "", ""], ["13", "Sub Bank A13", "", "12097174.28", "5609928.54", "0.00", "", "5", "59365.26", "", "", "20022.57"], ["", "12345130", "", "12117196.85", "5461315.46", "0.00", "", "6", "92736.58", "", "", ""], ["14", "Sub Bank A14", "", "89024714.22", "24758438.14", "0.00", "", "5", "7436.89", "", "", "-18833.12"], ["", "12345140", "", "89005881.10", "33920372.96", "0.00", "", "0", "0", "", "", ""], ["15", "Sub Bank A15", "", "35241886.59", "10377709.67", "0.00", "", "1", "19949.3", "", "", "21893.60"], ["", "12345150", "", "35263780.19", "16744888.27", "0.00", "", "7", "54955.41", "", "", ""], ["16", "Sub Bank A16", "", "69266884.12", "18936027.08", "7837789.15", "", "2", "98991.61", "", "", "11498.08"], ["", "12345160", "", "69278382.20", "23605272.31", "7837789.15", "", "7", "38387.66", "", "", ""], ["17", "Sub Bank A17", "", "63252931.99", "3260536.65", "1055186.11", "", "6", "99018.42", "", "", "11349.67"], ["", "12345170", "", "63264281.66", "1922734.69", "1055186.11", "", "5", "93034.37", "", "", ""], ["18", "Sub Bank A18", "", "41686735.78", "1090116.39", "367085.19", "", "1", "9912.01", "", "", "-14795.57"], ["", "12345180", "", "41671940.21", "5829080.80", "367085.19", "", "10", "45861.97", "", "", ""], ["19", "Sub Bank A19", "", "23741324.70", "2892677.42", "0.00", "", "8", "95684.36", "", "", "28125.03"], ["", "12345190", "", "23769449.73", "7334552.06", "0.00", "", "1", "26060.15", "", "", ""], ["20", "Sub Bank A20", "", "50233431.33", "8698213.14", "0.00", "", "5", "74997.7", "", "", "-12924.44"], ["", "12345200", "", "50220506.89", "20226283.20", "0.00", "", "1", "82798.5", "", "", ""], ["21", "Sub Bank A21", "", "28998385.46", "5775628.37", "0.00", "", "4", "97855.79", "", "", "-892.15"], ["", "12345210", "", "28997493.31", "10593570.71", "0.00", "", "6", "28035.3", "", "", ""], ["22", "Sub Bank A22", "", "74552167.23", "33123924.04", "11877888.44", "", "5", "67233.8", "", "", "-9626.99"], ["", "12345220", "", "74542540.24", "35613649.00", "11877888.44", "", "7", "98453.99", "", "", ""], ["23", "Sub Bank A23", "", "42651485.90", "8020241.50", "0.00", "", "1", "78082.84", "", "", "-18982.03"], ["", "12345230", "", "42632503.87", "8118887.14", "0.00", "", "5", "12838.64", "", "", ""], ["24", "Sub Bank A24", "", "29535659.30", "5807832.34", "0.00", "", "5", "13844.41", "", "", "-1555.50"], ["", "12345240", "", "29534103.80", "789704.47", "0.00", "", "8", "41572.65", "", "", ""], ["25", "Sub Bank A25", "", "54928082.40", "10031474.66", "4014370.35", "", "0", "0", "", "", "23605.14"], ["", "12345250", "", "54951687.54", "19040555.27", "4014370.35", "", "9", "26805.76", "", "", ""]]
Please return the code for the `transform_messy_data` function. 
INFO | 2024-07-18 03:03:23 | app.py | 126 | DT Assistant: ```Python
def transform_messy_data(messy_data):
    # Initialize transformed data with the desired headers
    transformed_data = [["Index", "Sub Account Name", "Sub Account No.",
                         "Yesterday Available Credit", "Yesterday Reserved Credit", 
                         "Yesterday Frozen Credit", "Total Debit Transactions",
                         "Total Debit Amount", "Today Net Deposit Amount",
                         "Today Available Credit", "Today Reserved Credit",
                         "Today Frozen Credit", "Total Credit Transactions",
                         "Total Credit Amount"]]
    
    # Skip header rows until we reach the data rows
    data_start = False
    current_row = []
    
    for row in messy_data:
        if row[0] == "Index":
            data_start = True
            continue
        if data_start:
            if row[0]:  # If the row starts with index, it’s a new record
                if current_row:
                    transformed_data.append(current_row)
                current_row = row[:7] + [""] * 7  # Initialize with Yesterday and Total Debit details
                
            elif current_row:  # If the row doesn't start with index, it contains Today and Total Credit details
                current_row[7:] = row[3:6] + row[7:9] + [""] * 4  # Skip empty cells and fill Today's details
        
    # Do not forget to append the last row
    if current_row:
        transformed_data.append(current_row)
    
    # Convert to DataFrame for further manipulation if needed
    transformed_df = pd.DataFrame(transformed_data[1:], columns=transformed_data[0])
    return transformed_df
``` 
Message Length: 3
INFO | 2024-07-18 03:12:38 | app.py | 112 | user: Your code encountered an error during execution:
 File "main.py", line 95, in transform_messy_data
    transformed_df = pd.DataFrame(transformed_data[1:], columns=transformed_data[0])
ValueError: 14 columns passed, passed data had 16 columns
INFO | 2024-07-18 03:12:48 | app.py | 126 | DT Assistant: The error is due to mismatched column lengths when appending rows to the `transformed_data`. Let's address this issue by properly handling both parts of the data (both the rows with `Yesterday` and `Today` details).

Here’s the corrected code for the `transform_messy_data` function:

```Python
def transform_messy_data(messy_data):
    # Initialize transformed data with the desired headers
    transformed_data = [["Index", "Sub Account Name", "Sub Account No.", 
                         "Yesterday Available Credit", "Yesterday Reserved Credit", 
                         "Yesterday Frozen Credit", "Total Debit Transactions", 
                         "Total Debit Amount", "Today Net Deposit Amount",
                         "Today Available Credit", "Today Reserved Credit", 
                         "Today Frozen Credit", "Total Credit Transactions", 
                         "Total Credit Amount"]]
    
    # Skip header rows until we reach the data rows
    data_start = False
    current_row = []

    for row in messy_data:
        if row[0] == "Index":
            data_start = True
            continue
        if data_start:
            if row[0]:  # If the row starts with index, it’s a new record
                if current_row:
                    transformed_data.append(current_row)
                current_row = [row[0], row[1], "", row[3], row[4], row[5], 
                               row[7], row[8], row[11], "", "", "", "", ""]
            elif current_row:  # If the row doesn't start with index, it contains Today and Total Credit details
                current_row[2] = row[1]
                current_row[9] = row[3]
                current_row[10] = row[4]
                current_row[11] = row[5]
                current_row[12] = row[7]
                current_row[13] = row[8]

    # Do not forget to append the last row
    if current_row:
        transformed_data.append(current_row)
    
    # Convert to DataFrame for further manipulation if needed
    transformed_df = pd.DataFrame(transformed_data[1:], columns=transformed_data[0])
    return transformed_df
```

This code correctly handles the transformation by splitting the input data into proper columns, which should prevent the mismatch error and produce the expected output. 
Message Length: 5
CRITICAL | 2024-07-18 03:23:03 | app.py | 79 | 
Role: DT Assistant
Init prompt: You are a data transformation assistant. Your task is to write code that transforms messy tabular data into a relational table.

Here is an example of messy tabular data:
[["Rank", "Name", "Age"],
 ["1", "Bob", "16"],
 ["", "Score", "92"],
 ["2", "Sam", "15"], 
 ["", "Score", "89"]]

The desired relational table should look like this:
[["Rank", "Name", "Age", "Score"],
 ["1", "Bob", "16", "92"],
 ["2", "Sam", "15", "89"]]

 This is a script template:
 ```Python
import pandas as pd

# Load the messy DataFrame
df_messy = pd.read_csv("messy_data.csv", dtype=str, keep_default_na=False, header=None)
messy_data = df_messy.values

def transform_messy_data(messy_data):
    
    # Write code to transform the messy data into relational table

    return transformed_df

transformed_df = transform_messy_data(messy_data)
```

In the upcoming conversation, I will give you the messy_data, and you need to complete the functionality of the `transform_messy_data` function. Note that your response should only be the code for the `transform_messy_data` function.

